# JRE version: OpenJDK Runtime Environment 18.9 (11.0.13+8) (build 11.0.13+8)
# Java VM: OpenJDK 64-Bit Server VM 18.9 (11.0.13+8, mixed mode, tiered, compressed oops, g1 gc, windows-amd64)
Heap:
 garbage-first heap   total 262144K, used 91136K [0x0000000080000000, 0x0000000100000000)
  region size 1024K, 31 young (31744K), 20 survivors (20480K)
 Metaspace       used 81110K, capacity 83632K, committed 83720K, reserved 589824K
  class space    used 10424K, capacity 11466K, committed 11520K, reserved 516096K
GC Heap History (20 events):
Event: 0.874 GC heap before
{Heap before GC invocations=1 (full 0):
 garbage-first heap   total 262144K, used 32173K [0x0000000080000000, 0x0000000100000000)
  region size 1024K, 25 young (25600K), 3 survivors (3072K)
 Metaspace       used 11122K, capacity 11385K, committed 11520K, reserved 526336K
  class space    used 1142K, capacity 1243K, committed 1280K, reserved 516096K
}
Event: 0.876 GC heap after
{Heap after GC invocations=2 (full 0):
 garbage-first heap   total 262144K, used 10401K [0x0000000080000000, 0x0000000100000000)
  region size 1024K, 1 young (1024K), 1 survivors (1024K)
 Metaspace       used 11122K, capacity 11385K, committed 11520K, reserved 526336K
  class space    used 1142K, capacity 1243K, committed 1280K, reserved 516096K
}
Event: 1.985 GC heap before
{Heap before GC invocations=2 (full 0):
 garbage-first heap   total 262144K, used 67745K [0x0000000080000000, 0x0000000100000000)
  region size 1024K, 57 young (58368K), 1 survivors (1024K)
 Metaspace       used 18132K, capacity 18530K, committed 18688K, reserved 532480K
  class space    used 2135K, capacity 2245K, committed 2304K, reserved 516096K
}
Event: 1.988 GC heap after
{Heap after GC invocations=3 (full 0):
 garbage-first heap   total 262144K, used 17096K [0x0000000080000000, 0x0000000100000000)
  region size 1024K, 8 young (8192K), 8 survivors (8192K)
 Metaspace       used 18132K, capacity 18530K, committed 18688K, reserved 532480K
  class space    used 2135K, capacity 2245K, committed 2304K, reserved 516096K
}
Event: 2.143 GC heap before
{Heap before GC invocations=3 (full 0):
 garbage-first heap   total 262144K, used 36552K [0x0000000080000000, 0x0000000100000000)
  region size 1024K, 28 young (28672K), 8 survivors (8192K)
 Metaspace       used 20682K, capacity 21165K, committed 21296K, reserved 536576K
  class space    used 2491K, capacity 2659K, committed 2688K, reserved 516096K
}
Event: 2.147 GC heap after
{Heap after GC invocations=4 (full 0):
 garbage-first heap   total 262144K, used 17781K [0x0000000080000000, 0x0000000100000000)
  region size 1024K, 1 young (1024K), 1 survivors (1024K)
 Metaspace       used 20682K, capacity 21165K, committed 21296K, reserved 536576K
  class space    used 2491K, capacity 2659K, committed 2688K, reserved 516096K
}
Event: 3.268 GC heap before
{Heap before GC invocations=5 (full 0):
 garbage-first heap   total 262144K, used 131445K [0x0000000080000000, 0x0000000100000000)
  region size 1024K, 112 young (114688K), 1 survivors (1024K)
 Metaspace       used 34638K, capacity 35398K, committed 35632K, reserved 548864K
  class space    used 4403K, capacity 4710K, committed 4736K, reserved 516096K
}
Event: 3.275 GC heap after
{Heap after GC invocations=6 (full 0):
 garbage-first heap   total 262144K, used 22761K [0x0000000080000000, 0x0000000100000000)
  region size 1024K, 6 young (6144K), 6 survivors (6144K)
 Metaspace       used 34638K, capacity 35398K, committed 35632K, reserved 548864K
  class space    used 4403K, capacity 4710K, committed 4736K, reserved 516096K
}
Event: 3.318 GC heap before
{Heap before GC invocations=6 (full 0):
 garbage-first heap   total 262144K, used 24809K [0x0000000080000000, 0x0000000100000000)
  region size 1024K, 9 young (9216K), 6 survivors (6144K)
 Metaspace       used 35007K, capacity 35757K, committed 35920K, reserved 548864K
  class space    used 4454K, capacity 4768K, committed 4864K, reserved 516096K
}
Event: 3.326 GC heap after
{Heap after GC invocations=7 (full 0):
 garbage-first heap   total 262144K, used 23309K [0x0000000080000000, 0x0000000100000000)
  region size 1024K, 7 young (7168K), 7 survivors (7168K)
 Metaspace       used 35007K, capacity 35757K, committed 35920K, reserved 548864K
  class space    used 4454K, capacity 4768K, committed 4864K, reserved 516096K
}
Event: 7.479 GC heap before
{Heap before GC invocations=8 (full 0):
 garbage-first heap   total 262144K, used 139021K [0x0000000080000000, 0x0000000100000000)
  region size 1024K, 117 young (119808K), 7 survivors (7168K)
 Metaspace       used 43564K, capacity 44792K, committed 45008K, reserved 557056K
  class space    used 5437K, capacity 5926K, committed 6016K, reserved 516096K
}
Event: 7.487 GC heap after
{Heap after GC invocations=9 (full 0):
 garbage-first heap   total 262144K, used 30582K [0x0000000080000000, 0x0000000100000000)
  region size 1024K, 14 young (14336K), 14 survivors (14336K)
 Metaspace       used 43564K, capacity 44792K, committed 45008K, reserved 557056K
  class space    used 5437K, capacity 5926K, committed 6016K, reserved 516096K
}
Event: 8.791 GC heap before
{Heap before GC invocations=9 (full 0):
 garbage-first heap   total 262144K, used 153462K [0x0000000080000000, 0x0000000100000000)
  region size 1024K, 130 young (133120K), 14 survivors (14336K)
 Metaspace       used 52691K, capacity 54176K, committed 54352K, reserved 563200K
  class space    used 6731K, capacity 7329K, committed 7424K, reserved 516096K
}
Event: 8.803 GC heap after
{Heap after GC invocations=10 (full 0):
 garbage-first heap   total 262144K, used 41141K [0x0000000080000000, 0x0000000100000000)
  region size 1024K, 15 young (15360K), 15 survivors (15360K)
 Metaspace       used 52691K, capacity 54176K, committed 54352K, reserved 563200K
  class space    used 6731K, capacity 7329K, committed 7424K, reserved 516096K
}
Event: 9.398 GC heap before
{Heap before GC invocations=10 (full 0):
 garbage-first heap   total 262144K, used 114869K [0x0000000080000000, 0x0000000100000000)
  region size 1024K, 88 young (90112K), 15 survivors (15360K)
 Metaspace       used 58585K, capacity 60145K, committed 60296K, reserved 569344K
  class space    used 7587K, capacity 8251K, committed 8320K, reserved 516096K
}
Event: 9.407 GC heap after
{Heap after GC invocations=11 (full 0):
 garbage-first heap   total 262144K, used 44297K [0x0000000080000000, 0x0000000100000000)
  region size 1024K, 10 young (10240K), 10 survivors (10240K)
 Metaspace       used 58585K, capacity 60145K, committed 60296K, reserved 569344K
  class space    used 7587K, capacity 8251K, committed 8320K, reserved 516096K
}
Event: 10.552 GC heap before
{Heap before GC invocations=12 (full 0):
 garbage-first heap   total 262144K, used 183561K [0x0000000080000000, 0x0000000100000000)
  region size 1024K, 147 young (150528K), 10 survivors (10240K)
 Metaspace       used 67582K, capacity 69599K, committed 69768K, reserved 577536K
  class space    used 8760K, capacity 9544K, committed 9600K, reserved 516096K
}
Event: 10.564 GC heap after
{Heap after GC invocations=13 (full 0):
 garbage-first heap   total 262144K, used 51499K [0x0000000080000000, 0x0000000100000000)
  region size 1024K, 17 young (17408K), 17 survivors (17408K)
 Metaspace       used 67582K, capacity 69599K, committed 69768K, reserved 577536K
  class space    used 8760K, capacity 9544K, committed 9600K, reserved 516096K
}
Event: 31.689 GC heap before
{Heap before GC invocations=14 (full 0):
 garbage-first heap   total 262144K, used 202027K [0x0000000080000000, 0x0000000100000000)
  region size 1024K, 153 young (156672K), 17 survivors (17408K)
 Metaspace       used 80638K, capacity 83192K, committed 83464K, reserved 589824K
  class space    used 10401K, capacity 11452K, committed 11520K, reserved 516096K
}
Event: 31.713 GC heap after
{Heap after GC invocations=15 (full 0):
 garbage-first heap   total 262144K, used 80896K [0x0000000080000000, 0x0000000100000000)
  region size 1024K, 20 young (20480K), 20 survivors (20480K)
 Metaspace       used 80638K, capacity 83192K, committed 83464K, reserved 589824K
  class space    used 10401K, capacity 11452K, committed 11520K, reserved 516096K
}

